# JRE version: OpenJDK Runtime Environment (11.0.11+9) (build 11.0.11+9-b60-7590822)
# Java VM: OpenJDK 64-Bit Server VM (11.0.11+9-b60-7590822, mixed mode, tiered, compressed oops, g1 gc, windows-amd64)
Heap:
 garbage-first heap   total 976896K, used 245685K [0x0000000080000000, 0x0000000100000000)
  region size 1024K, 2 young (2048K), 2 survivors (2048K)
 Metaspace       used 99034K, capacity 101435K, committed 101628K, reserved 1136640K
  class space    used 12787K, capacity 13658K, committed 13696K, reserved 1048576K
GC Heap History (20 events):
Event: 99.292 GC heap after
{Heap after GC invocations=69 (full 0):
 garbage-first heap   total 200704K, used 167587K [0x0000000080000000, 0x0000000100000000)
  region size 1024K, 2 young (2048K), 2 survivors (2048K)
 Metaspace       used 96674K, capacity 98936K, committed 99068K, reserved 1134592K
  class space    used 12303K, capacity 13123K, committed 13184K, reserved 1048576K
}
Event: 99.341 GC heap before
{Heap before GC invocations=69 (full 0):
 garbage-first heap   total 200704K, used 173731K [0x0000000080000000, 0x0000000100000000)
  region size 1024K, 9 young (9216K), 2 survivors (2048K)
 Metaspace       used 96675K, capacity 98936K, committed 99068K, reserved 1134592K
  class space    used 12303K, capacity 13123K, committed 13184K, reserved 1048576K
}
Event: 99.359 GC heap after
{Heap after GC invocations=70 (full 0):
 garbage-first heap   total 200704K, used 171749K [0x0000000080000000, 0x0000000100000000)
  region size 1024K, 2 young (2048K), 2 survivors (2048K)
 Metaspace       used 96675K, capacity 98936K, committed 99068K, reserved 1134592K
  class space    used 12303K, capacity 13123K, committed 13184K, reserved 1048576K
}
Event: 99.458 GC heap before
{Heap before GC invocations=70 (full 0):
 garbage-first heap   total 200704K, used 178917K [0x0000000080000000, 0x0000000100000000)
  region size 1024K, 9 young (9216K), 2 survivors (2048K)
 Metaspace       used 96675K, capacity 98936K, committed 99068K, reserved 1134592K
  class space    used 12303K, capacity 13123K, committed 13184K, reserved 1048576K
}
Event: 99.478 GC heap after
{Heap after GC invocations=71 (full 0):
 garbage-first heap   total 241664K, used 175104K [0x0000000080000000, 0x0000000100000000)
  region size 1024K, 2 young (2048K), 2 survivors (2048K)
 Metaspace       used 96675K, capacity 98936K, committed 99068K, reserved 1134592K
  class space    used 12303K, capacity 13123K, committed 13184K, reserved 1048576K
}
Event: 99.907 GC heap before
{Heap before GC invocations=71 (full 0):
 garbage-first heap   total 241664K, used 192512K [0x0000000080000000, 0x0000000100000000)
  region size 1024K, 18 young (18432K), 2 survivors (2048K)
 Metaspace       used 96675K, capacity 98936K, committed 99068K, reserved 1134592K
  class space    used 12303K, capacity 13123K, committed 13184K, reserved 1048576K
}
Event: 99.960 GC heap after
{Heap after GC invocations=72 (full 0):
 garbage-first heap   total 241664K, used 183875K [0x0000000080000000, 0x0000000100000000)
  region size 1024K, 3 young (3072K), 3 survivors (3072K)
 Metaspace       used 96675K, capacity 98936K, committed 99068K, reserved 1134592K
  class space    used 12303K, capacity 13123K, committed 13184K, reserved 1048576K
}
Event: 100.143 GC heap before
{Heap before GC invocations=72 (full 0):
 garbage-first heap   total 241664K, used 197187K [0x0000000080000000, 0x0000000100000000)
  region size 1024K, 16 young (16384K), 3 survivors (3072K)
 Metaspace       used 96675K, capacity 98936K, committed 99068K, reserved 1134592K
  class space    used 12303K, capacity 13123K, committed 13184K, reserved 1048576K
}
Event: 100.177 GC heap after
{Heap after GC invocations=73 (full 0):
 garbage-first heap   total 241664K, used 189112K [0x0000000080000000, 0x0000000100000000)
  region size 1024K, 2 young (2048K), 2 survivors (2048K)
 Metaspace       used 96675K, capacity 98936K, committed 99068K, reserved 1134592K
  class space    used 12303K, capacity 13123K, committed 13184K, reserved 1048576K
}
Event: 100.310 GC heap before
{Heap before GC invocations=74 (full 0):
 garbage-first heap   total 241664K, used 204472K [0x0000000080000000, 0x0000000100000000)
  region size 1024K, 14 young (14336K), 2 survivors (2048K)
 Metaspace       used 96675K, capacity 98936K, committed 99068K, reserved 1134592K
  class space    used 12303K, capacity 13123K, committed 13184K, reserved 1048576K
}
Event: 100.346 GC heap after
{Heap after GC invocations=75 (full 0):
 garbage-first heap   total 241664K, used 199680K [0x0000000080000000, 0x0000000100000000)
  region size 1024K, 2 young (2048K), 2 survivors (2048K)
 Metaspace       used 96675K, capacity 98936K, committed 99068K, reserved 1134592K
  class space    used 12303K, capacity 13123K, committed 13184K, reserved 1048576K
}
Event: 100.442 GC heap before
{Heap before GC invocations=75 (full 0):
 garbage-first heap   total 241664K, used 207872K [0x0000000080000000, 0x0000000100000000)
  region size 1024K, 11 young (11264K), 2 survivors (2048K)
 Metaspace       used 96675K, capacity 98936K, committed 99068K, reserved 1134592K
  class space    used 12303K, capacity 13123K, committed 13184K, reserved 1048576K
}
Event: 100.575 GC heap after
{Heap after GC invocations=76 (full 0):
 garbage-first heap   total 325632K, used 202752K [0x0000000080000000, 0x0000000100000000)
  region size 1024K, 2 young (2048K), 2 survivors (2048K)
 Metaspace       used 96675K, capacity 98936K, committed 99068K, reserved 1134592K
  class space    used 12303K, capacity 13123K, committed 13184K, reserved 1048576K
}
Event: 110.262 GC heap before
{Heap before GC invocations=76 (full 0):
 garbage-first heap   total 325632K, used 234496K [0x0000000080000000, 0x0000000100000000)
  region size 1024K, 34 young (34816K), 2 survivors (2048K)
 Metaspace       used 98991K, capacity 101366K, committed 101628K, reserved 1136640K
  class space    used 12787K, capacity 13658K, committed 13696K, reserved 1048576K
}
Event: 110.335 GC heap after
{Heap after GC invocations=77 (full 0):
 garbage-first heap   total 325632K, used 216064K [0x0000000080000000, 0x0000000100000000)
  region size 1024K, 5 young (5120K), 5 survivors (5120K)
 Metaspace       used 98991K, capacity 101366K, committed 101628K, reserved 1136640K
  class space    used 12787K, capacity 13658K, committed 13696K, reserved 1048576K
}
Event: 110.911 GC heap before
{Heap before GC invocations=77 (full 0):
 garbage-first heap   total 325632K, used 245760K [0x0000000080000000, 0x0000000100000000)
  region size 1024K, 34 young (34816K), 5 survivors (5120K)
 Metaspace       used 99031K, capacity 101435K, committed 101628K, reserved 1136640K
  class space    used 12787K, capacity 13658K, committed 13696K, reserved 1048576K
}
Event: 111.412 GC heap after
{Heap after GC invocations=78 (full 0):
 garbage-first heap   total 325632K, used 231848K [0x0000000080000000, 0x0000000100000000)
  region size 1024K, 5 young (5120K), 5 survivors (5120K)
 Metaspace       used 99031K, capacity 101435K, committed 101628K, reserved 1136640K
  class space    used 12787K, capacity 13658K, committed 13696K, reserved 1048576K
}
Event: 111.566 GC heap before
{Heap before GC invocations=78 (full 0):
 garbage-first heap   total 325632K, used 242088K [0x0000000080000000, 0x0000000100000000)
  region size 1024K, 15 young (15360K), 5 survivors (5120K)
 Metaspace       used 99032K, capacity 101435K, committed 101628K, reserved 1136640K
  class space    used 12787K, capacity 13658K, committed 13696K, reserved 1048576K
}
Event: 113.318 GC heap after
{Heap after GC invocations=79 (full 0):
 garbage-first heap   total 325632K, used 238080K [0x0000000080000000, 0x0000000100000000)
  region size 1024K, 2 young (2048K), 2 survivors (2048K)
 Metaspace       used 99032K, capacity 101435K, committed 101628K, reserved 1136640K
  class space    used 12787K, capacity 13658K, committed 13696K, reserved 1048576K
}
Event: 113.478 GC heap before
{Heap before GC invocations=79 (full 0):
 garbage-first heap   total 325632K, used 251392K [0x0000000080000000, 0x0000000100000000)
  region size 1024K, 15 young (15360K), 2 survivors (2048K)
 Metaspace       used 99034K, capacity 101435K, committed 101628K, reserved 1136640K
  class space    used 12787K, capacity 13658K, committed 13696K, reserved 1048576K
}

